2023-08-19 18:55:53.938+05:30 ERROR c.m.applicationinsights.agent - Application Insights Java Agent 3.4.15 startup failed (PID 27016)
java.lang.IllegalArgumentException: Missing 'InstrumentationKey'
	at com.azure.monitor.opentelemetry.exporter.implementation.configuration.ConnectionStringBuilder.mapToConnectionConfiguration(ConnectionStringBuilder.java:86)
	at com.azure.monitor.opentelemetry.exporter.implementation.configuration.ConnectionStringBuilder.setConnectionString(ConnectionStringBuilder.java:40)
	at com.azure.monitor.opentelemetry.exporter.implementation.configuration.ConnectionString.lambda$parse$0(ConnectionString.java:37)
	at java.util.concurrent.ConcurrentHashMap.computeIfAbsent(ConcurrentHashMap.java:1660)
	at com.azure.monitor.opentelemetry.exporter.implementation.configuration.ConnectionString.parse(ConnectionString.java:36)
	at com.microsoft.applicationinsights.agent.internal.telemetry.TelemetryClient$Builder.setConnectionStrings(TelemetryClient.java:492)
	at com.microsoft.applicationinsights.agent.internal.init.SecondEntryPoint.customize(SecondEntryPoint.java:144)
	at io.opentelemetry.sdk.autoconfigure.AutoConfiguredOpenTelemetrySdkBuilder.build(AutoConfiguredOpenTelemetrySdkBuilder.java:328)
	at io.opentelemetry.javaagent.tooling.OpenTelemetryInstaller.installOpenTelemetrySdk(OpenTelemetryInstaller.java:34)
	at io.opentelemetry.javaagent.tooling.AgentInstaller.installBytebuddyAgent(AgentInstaller.java:121)
	at io.opentelemetry.javaagent.tooling.AgentInstaller.installBytebuddyAgent(AgentInstaller.java:101)
	at io.opentelemetry.javaagent.tooling.AgentStarterImpl.start(AgentStarterImpl.java:98)
	at io.opentelemetry.javaagent.bootstrap.AgentInitializer$1.run(AgentInitializer.java:53)
	at io.opentelemetry.javaagent.bootstrap.AgentInitializer$1.run(AgentInitializer.java:47)
	at io.opentelemetry.javaagent.bootstrap.AgentInitializer.execute(AgentInitializer.java:64)
	at io.opentelemetry.javaagent.bootstrap.AgentInitializer.initialize(AgentInitializer.java:46)
	at io.opentelemetry.javaagent.OpenTelemetryAgent.startAgent(OpenTelemetryAgent.java:57)
	at io.opentelemetry.javaagent.OpenTelemetryAgent.premain(OpenTelemetryAgent.java:45)
	at com.microsoft.applicationinsights.agent.Agent.premain(Agent.java:38)
	at com.microsoft.applicationinsights.agent.Agent.agentmain(Agent.java:44)
	at sun.reflect.NativeMethodAccessorImpl.invoke0(Native Method)
	at sun.reflect.NativeMethodAccessorImpl.invoke(NativeMethodAccessorImpl.java:62)
	at sun.reflect.DelegatingMethodAccessorImpl.invoke(DelegatingMethodAccessorImpl.java:43)
	at java.lang.reflect.Method.invoke(Method.java:498)
	at sun.instrument.InstrumentationImpl.loadClassAndStartAgent(InstrumentationImpl.java:386)
	at sun.instrument.InstrumentationImpl.loadClassAndCallAgentmain(InstrumentationImpl.java:411)
2023-08-19 18:56:34.325+05:30 ERROR c.m.applicationinsights.agent - Application Insights Java Agent 3.4.15 startup failed (PID 34152)
java.lang.IllegalArgumentException: Missing 'InstrumentationKey'
	at com.azure.monitor.opentelemetry.exporter.implementation.configuration.ConnectionStringBuilder.mapToConnectionConfiguration(ConnectionStringBuilder.java:86)
	at com.azure.monitor.opentelemetry.exporter.implementation.configuration.ConnectionStringBuilder.setConnectionString(ConnectionStringBuilder.java:40)
	at com.azure.monitor.opentelemetry.exporter.implementation.configuration.ConnectionString.lambda$parse$0(ConnectionString.java:37)
	at java.util.concurrent.ConcurrentHashMap.computeIfAbsent(ConcurrentHashMap.java:1660)
	at com.azure.monitor.opentelemetry.exporter.implementation.configuration.ConnectionString.parse(ConnectionString.java:36)
	at com.microsoft.applicationinsights.agent.internal.telemetry.TelemetryClient$Builder.setConnectionStrings(TelemetryClient.java:492)
	at com.microsoft.applicationinsights.agent.internal.init.SecondEntryPoint.customize(SecondEntryPoint.java:144)
	at io.opentelemetry.sdk.autoconfigure.AutoConfiguredOpenTelemetrySdkBuilder.build(AutoConfiguredOpenTelemetrySdkBuilder.java:328)
	at io.opentelemetry.javaagent.tooling.OpenTelemetryInstaller.installOpenTelemetrySdk(OpenTelemetryInstaller.java:34)
	at io.opentelemetry.javaagent.tooling.AgentInstaller.installBytebuddyAgent(AgentInstaller.java:121)
	at io.opentelemetry.javaagent.tooling.AgentInstaller.installBytebuddyAgent(AgentInstaller.java:101)
	at io.opentelemetry.javaagent.tooling.AgentStarterImpl.start(AgentStarterImpl.java:98)
	at io.opentelemetry.javaagent.bootstrap.AgentInitializer$1.run(AgentInitializer.java:53)
	at io.opentelemetry.javaagent.bootstrap.AgentInitializer$1.run(AgentInitializer.java:47)
	at io.opentelemetry.javaagent.bootstrap.AgentInitializer.execute(AgentInitializer.java:64)
	at io.opentelemetry.javaagent.bootstrap.AgentInitializer.initialize(AgentInitializer.java:46)
	at io.opentelemetry.javaagent.OpenTelemetryAgent.startAgent(OpenTelemetryAgent.java:57)
	at io.opentelemetry.javaagent.OpenTelemetryAgent.premain(OpenTelemetryAgent.java:45)
	at com.microsoft.applicationinsights.agent.Agent.premain(Agent.java:38)
	at com.microsoft.applicationinsights.agent.Agent.agentmain(Agent.java:44)
	at sun.reflect.NativeMethodAccessorImpl.invoke0(Native Method)
	at sun.reflect.NativeMethodAccessorImpl.invoke(NativeMethodAccessorImpl.java:62)
	at sun.reflect.DelegatingMethodAccessorImpl.invoke(DelegatingMethodAccessorImpl.java:43)
	at java.lang.reflect.Method.invoke(Method.java:498)
	at sun.instrument.InstrumentationImpl.loadClassAndStartAgent(InstrumentationImpl.java:386)
	at sun.instrument.InstrumentationImpl.loadClassAndCallAgentmain(InstrumentationImpl.java:411)
2023-08-19 18:59:10.680+05:30 ERROR c.m.applicationinsights.agent - Application Insights Java Agent 3.4.15 startup failed (PID 26824)
java.lang.IllegalArgumentException: Missing 'InstrumentationKey'
	at com.azure.monitor.opentelemetry.exporter.implementation.configuration.ConnectionStringBuilder.mapToConnectionConfiguration(ConnectionStringBuilder.java:86)
	at com.azure.monitor.opentelemetry.exporter.implementation.configuration.ConnectionStringBuilder.setConnectionString(ConnectionStringBuilder.java:40)
	at com.azure.monitor.opentelemetry.exporter.implementation.configuration.ConnectionString.lambda$parse$0(ConnectionString.java:37)
	at java.util.concurrent.ConcurrentHashMap.computeIfAbsent(ConcurrentHashMap.java:1660)
	at com.azure.monitor.opentelemetry.exporter.implementation.configuration.ConnectionString.parse(ConnectionString.java:36)
	at com.microsoft.applicationinsights.agent.internal.telemetry.TelemetryClient$Builder.setConnectionStrings(TelemetryClient.java:492)
	at com.microsoft.applicationinsights.agent.internal.init.SecondEntryPoint.customize(SecondEntryPoint.java:144)
	at io.opentelemetry.sdk.autoconfigure.AutoConfiguredOpenTelemetrySdkBuilder.build(AutoConfiguredOpenTelemetrySdkBuilder.java:328)
	at io.opentelemetry.javaagent.tooling.OpenTelemetryInstaller.installOpenTelemetrySdk(OpenTelemetryInstaller.java:34)
	at io.opentelemetry.javaagent.tooling.AgentInstaller.installBytebuddyAgent(AgentInstaller.java:121)
	at io.opentelemetry.javaagent.tooling.AgentInstaller.installBytebuddyAgent(AgentInstaller.java:101)
	at io.opentelemetry.javaagent.tooling.AgentStarterImpl.start(AgentStarterImpl.java:98)
	at io.opentelemetry.javaagent.bootstrap.AgentInitializer$1.run(AgentInitializer.java:53)
	at io.opentelemetry.javaagent.bootstrap.AgentInitializer$1.run(AgentInitializer.java:47)
	at io.opentelemetry.javaagent.bootstrap.AgentInitializer.execute(AgentInitializer.java:64)
	at io.opentelemetry.javaagent.bootstrap.AgentInitializer.initialize(AgentInitializer.java:46)
	at io.opentelemetry.javaagent.OpenTelemetryAgent.startAgent(OpenTelemetryAgent.java:57)
	at io.opentelemetry.javaagent.OpenTelemetryAgent.premain(OpenTelemetryAgent.java:45)
	at com.microsoft.applicationinsights.agent.Agent.premain(Agent.java:38)
	at com.microsoft.applicationinsights.agent.Agent.agentmain(Agent.java:44)
	at sun.reflect.NativeMethodAccessorImpl.invoke0(Native Method)
	at sun.reflect.NativeMethodAccessorImpl.invoke(NativeMethodAccessorImpl.java:62)
	at sun.reflect.DelegatingMethodAccessorImpl.invoke(DelegatingMethodAccessorImpl.java:43)
	at java.lang.reflect.Method.invoke(Method.java:498)
	at sun.instrument.InstrumentationImpl.loadClassAndStartAgent(InstrumentationImpl.java:386)
	at sun.instrument.InstrumentationImpl.loadClassAndCallAgentmain(InstrumentationImpl.java:411)
2023-08-19 19:01:39.378+05:30 ERROR c.m.applicationinsights.agent - Application Insights Java Agent 3.4.15 startup failed (PID 30932)
java.lang.IllegalArgumentException: Missing 'InstrumentationKey'
	at com.azure.monitor.opentelemetry.exporter.implementation.configuration.ConnectionStringBuilder.mapToConnectionConfiguration(ConnectionStringBuilder.java:86)
	at com.azure.monitor.opentelemetry.exporter.implementation.configuration.ConnectionStringBuilder.setConnectionString(ConnectionStringBuilder.java:40)
	at com.azure.monitor.opentelemetry.exporter.implementation.configuration.ConnectionString.lambda$parse$0(ConnectionString.java:37)
	at java.util.concurrent.ConcurrentHashMap.computeIfAbsent(ConcurrentHashMap.java:1660)
	at com.azure.monitor.opentelemetry.exporter.implementation.configuration.ConnectionString.parse(ConnectionString.java:36)
	at com.microsoft.applicationinsights.agent.internal.telemetry.TelemetryClient$Builder.setConnectionStrings(TelemetryClient.java:492)
	at com.microsoft.applicationinsights.agent.internal.init.SecondEntryPoint.customize(SecondEntryPoint.java:144)
	at io.opentelemetry.sdk.autoconfigure.AutoConfiguredOpenTelemetrySdkBuilder.build(AutoConfiguredOpenTelemetrySdkBuilder.java:328)
	at io.opentelemetry.javaagent.tooling.OpenTelemetryInstaller.installOpenTelemetrySdk(OpenTelemetryInstaller.java:34)
	at io.opentelemetry.javaagent.tooling.AgentInstaller.installBytebuddyAgent(AgentInstaller.java:121)
	at io.opentelemetry.javaagent.tooling.AgentInstaller.installBytebuddyAgent(AgentInstaller.java:101)
	at io.opentelemetry.javaagent.tooling.AgentStarterImpl.start(AgentStarterImpl.java:98)
	at io.opentelemetry.javaagent.bootstrap.AgentInitializer$1.run(AgentInitializer.java:53)
	at io.opentelemetry.javaagent.bootstrap.AgentInitializer$1.run(AgentInitializer.java:47)
	at io.opentelemetry.javaagent.bootstrap.AgentInitializer.execute(AgentInitializer.java:64)
	at io.opentelemetry.javaagent.bootstrap.AgentInitializer.initialize(AgentInitializer.java:46)
	at io.opentelemetry.javaagent.OpenTelemetryAgent.startAgent(OpenTelemetryAgent.java:57)
	at io.opentelemetry.javaagent.OpenTelemetryAgent.premain(OpenTelemetryAgent.java:45)
	at com.microsoft.applicationinsights.agent.Agent.premain(Agent.java:38)
	at com.microsoft.applicationinsights.agent.Agent.agentmain(Agent.java:44)
	at sun.reflect.NativeMethodAccessorImpl.invoke0(Native Method)
	at sun.reflect.NativeMethodAccessorImpl.invoke(NativeMethodAccessorImpl.java:62)
	at sun.reflect.DelegatingMethodAccessorImpl.invoke(DelegatingMethodAccessorImpl.java:43)
	at java.lang.reflect.Method.invoke(Method.java:498)
	at sun.instrument.InstrumentationImpl.loadClassAndStartAgent(InstrumentationImpl.java:386)
	at sun.instrument.InstrumentationImpl.loadClassAndCallAgentmain(InstrumentationImpl.java:411)
2023-08-20 05:07:08.967+05:30 ERROR c.m.applicationinsights.agent - Application Insights Java Agent 3.4.15 startup failed (PID 18612)
java.lang.IllegalArgumentException: Missing 'InstrumentationKey'
	at com.azure.monitor.opentelemetry.exporter.implementation.configuration.ConnectionStringBuilder.mapToConnectionConfiguration(ConnectionStringBuilder.java:86)
	at com.azure.monitor.opentelemetry.exporter.implementation.configuration.ConnectionStringBuilder.setConnectionString(ConnectionStringBuilder.java:40)
	at com.azure.monitor.opentelemetry.exporter.implementation.configuration.ConnectionString.lambda$parse$0(ConnectionString.java:37)
	at java.util.concurrent.ConcurrentHashMap.computeIfAbsent(ConcurrentHashMap.java:1660)
	at com.azure.monitor.opentelemetry.exporter.implementation.configuration.ConnectionString.parse(ConnectionString.java:36)
	at com.microsoft.applicationinsights.agent.internal.telemetry.TelemetryClient$Builder.setConnectionStrings(TelemetryClient.java:492)
	at com.microsoft.applicationinsights.agent.internal.init.SecondEntryPoint.customize(SecondEntryPoint.java:144)
	at io.opentelemetry.sdk.autoconfigure.AutoConfiguredOpenTelemetrySdkBuilder.build(AutoConfiguredOpenTelemetrySdkBuilder.java:328)
	at io.opentelemetry.javaagent.tooling.OpenTelemetryInstaller.installOpenTelemetrySdk(OpenTelemetryInstaller.java:34)
	at io.opentelemetry.javaagent.tooling.AgentInstaller.installBytebuddyAgent(AgentInstaller.java:121)
	at io.opentelemetry.javaagent.tooling.AgentInstaller.installBytebuddyAgent(AgentInstaller.java:101)
	at io.opentelemetry.javaagent.tooling.AgentStarterImpl.start(AgentStarterImpl.java:98)
	at io.opentelemetry.javaagent.bootstrap.AgentInitializer$1.run(AgentInitializer.java:53)
	at io.opentelemetry.javaagent.bootstrap.AgentInitializer$1.run(AgentInitializer.java:47)
	at io.opentelemetry.javaagent.bootstrap.AgentInitializer.execute(AgentInitializer.java:64)
	at io.opentelemetry.javaagent.bootstrap.AgentInitializer.initialize(AgentInitializer.java:46)
	at io.opentelemetry.javaagent.OpenTelemetryAgent.startAgent(OpenTelemetryAgent.java:57)
	at io.opentelemetry.javaagent.OpenTelemetryAgent.premain(OpenTelemetryAgent.java:45)
	at com.microsoft.applicationinsights.agent.Agent.premain(Agent.java:38)
	at com.microsoft.applicationinsights.agent.Agent.agentmain(Agent.java:44)
	at sun.reflect.NativeMethodAccessorImpl.invoke0(Native Method)
	at sun.reflect.NativeMethodAccessorImpl.invoke(NativeMethodAccessorImpl.java:62)
	at sun.reflect.DelegatingMethodAccessorImpl.invoke(DelegatingMethodAccessorImpl.java:43)
	at java.lang.reflect.Method.invoke(Method.java:498)
	at sun.instrument.InstrumentationImpl.loadClassAndStartAgent(InstrumentationImpl.java:386)
	at sun.instrument.InstrumentationImpl.loadClassAndCallAgentmain(InstrumentationImpl.java:411)
2023-08-20 05:12:50.192+05:30 ERROR c.m.applicationinsights.agent - Application Insights Java Agent 3.4.15 startup failed (PID 12392)
java.lang.IllegalArgumentException: Missing 'InstrumentationKey'
	at com.azure.monitor.opentelemetry.exporter.implementation.configuration.ConnectionStringBuilder.mapToConnectionConfiguration(ConnectionStringBuilder.java:86)
	at com.azure.monitor.opentelemetry.exporter.implementation.configuration.ConnectionStringBuilder.setConnectionString(ConnectionStringBuilder.java:40)
	at com.azure.monitor.opentelemetry.exporter.implementation.configuration.ConnectionString.lambda$parse$0(ConnectionString.java:37)
	at java.util.concurrent.ConcurrentHashMap.computeIfAbsent(ConcurrentHashMap.java:1660)
	at com.azure.monitor.opentelemetry.exporter.implementation.configuration.ConnectionString.parse(ConnectionString.java:36)
	at com.microsoft.applicationinsights.agent.internal.telemetry.TelemetryClient$Builder.setConnectionStrings(TelemetryClient.java:492)
	at com.microsoft.applicationinsights.agent.internal.init.SecondEntryPoint.customize(SecondEntryPoint.java:144)
	at io.opentelemetry.sdk.autoconfigure.AutoConfiguredOpenTelemetrySdkBuilder.build(AutoConfiguredOpenTelemetrySdkBuilder.java:328)
	at io.opentelemetry.javaagent.tooling.OpenTelemetryInstaller.installOpenTelemetrySdk(OpenTelemetryInstaller.java:34)
	at io.opentelemetry.javaagent.tooling.AgentInstaller.installBytebuddyAgent(AgentInstaller.java:121)
	at io.opentelemetry.javaagent.tooling.AgentInstaller.installBytebuddyAgent(AgentInstaller.java:101)
	at io.opentelemetry.javaagent.tooling.AgentStarterImpl.start(AgentStarterImpl.java:98)
	at io.opentelemetry.javaagent.bootstrap.AgentInitializer$1.run(AgentInitializer.java:53)
	at io.opentelemetry.javaagent.bootstrap.AgentInitializer$1.run(AgentInitializer.java:47)
	at io.opentelemetry.javaagent.bootstrap.AgentInitializer.execute(AgentInitializer.java:64)
	at io.opentelemetry.javaagent.bootstrap.AgentInitializer.initialize(AgentInitializer.java:46)
	at io.opentelemetry.javaagent.OpenTelemetryAgent.startAgent(OpenTelemetryAgent.java:57)
	at io.opentelemetry.javaagent.OpenTelemetryAgent.premain(OpenTelemetryAgent.java:45)
	at com.microsoft.applicationinsights.agent.Agent.premain(Agent.java:38)
	at com.microsoft.applicationinsights.agent.Agent.agentmain(Agent.java:44)
	at sun.reflect.NativeMethodAccessorImpl.invoke0(Native Method)
	at sun.reflect.NativeMethodAccessorImpl.invoke(NativeMethodAccessorImpl.java:62)
	at sun.reflect.DelegatingMethodAccessorImpl.invoke(DelegatingMethodAccessorImpl.java:43)
	at java.lang.reflect.Method.invoke(Method.java:498)
	at sun.instrument.InstrumentationImpl.loadClassAndStartAgent(InstrumentationImpl.java:386)
	at sun.instrument.InstrumentationImpl.loadClassAndCallAgentmain(InstrumentationImpl.java:411)
2023-08-20 05:16:48.257+05:30 ERROR c.m.applicationinsights.agent - Application Insights Java Agent 3.4.15 startup failed (PID 35844)
java.lang.IllegalArgumentException: Missing 'InstrumentationKey'
	at com.azure.monitor.opentelemetry.exporter.implementation.configuration.ConnectionStringBuilder.mapToConnectionConfiguration(ConnectionStringBuilder.java:86)
	at com.azure.monitor.opentelemetry.exporter.implementation.configuration.ConnectionStringBuilder.setConnectionString(ConnectionStringBuilder.java:40)
	at com.azure.monitor.opentelemetry.exporter.implementation.configuration.ConnectionString.lambda$parse$0(ConnectionString.java:37)
	at java.util.concurrent.ConcurrentHashMap.computeIfAbsent(ConcurrentHashMap.java:1660)
	at com.azure.monitor.opentelemetry.exporter.implementation.configuration.ConnectionString.parse(ConnectionString.java:36)
	at com.microsoft.applicationinsights.agent.internal.telemetry.TelemetryClient$Builder.setConnectionStrings(TelemetryClient.java:492)
	at com.microsoft.applicationinsights.agent.internal.init.SecondEntryPoint.customize(SecondEntryPoint.java:144)
	at io.opentelemetry.sdk.autoconfigure.AutoConfiguredOpenTelemetrySdkBuilder.build(AutoConfiguredOpenTelemetrySdkBuilder.java:328)
	at io.opentelemetry.javaagent.tooling.OpenTelemetryInstaller.installOpenTelemetrySdk(OpenTelemetryInstaller.java:34)
	at io.opentelemetry.javaagent.tooling.AgentInstaller.installBytebuddyAgent(AgentInstaller.java:121)
	at io.opentelemetry.javaagent.tooling.AgentInstaller.installBytebuddyAgent(AgentInstaller.java:101)
	at io.opentelemetry.javaagent.tooling.AgentStarterImpl.start(AgentStarterImpl.java:98)
	at io.opentelemetry.javaagent.bootstrap.AgentInitializer$1.run(AgentInitializer.java:53)
	at io.opentelemetry.javaagent.bootstrap.AgentInitializer$1.run(AgentInitializer.java:47)
	at io.opentelemetry.javaagent.bootstrap.AgentInitializer.execute(AgentInitializer.java:64)
	at io.opentelemetry.javaagent.bootstrap.AgentInitializer.initialize(AgentInitializer.java:46)
	at io.opentelemetry.javaagent.OpenTelemetryAgent.startAgent(OpenTelemetryAgent.java:57)
	at io.opentelemetry.javaagent.OpenTelemetryAgent.premain(OpenTelemetryAgent.java:45)
	at com.microsoft.applicationinsights.agent.Agent.premain(Agent.java:38)
	at com.microsoft.applicationinsights.agent.Agent.agentmain(Agent.java:44)
	at sun.reflect.NativeMethodAccessorImpl.invoke0(Native Method)
	at sun.reflect.NativeMethodAccessorImpl.invoke(NativeMethodAccessorImpl.java:62)
	at sun.reflect.DelegatingMethodAccessorImpl.invoke(DelegatingMethodAccessorImpl.java:43)
	at java.lang.reflect.Method.invoke(Method.java:498)
	at sun.instrument.InstrumentationImpl.loadClassAndStartAgent(InstrumentationImpl.java:386)
	at sun.instrument.InstrumentationImpl.loadClassAndCallAgentmain(InstrumentationImpl.java:411)
2023-08-20 05:19:42.228+05:30 ERROR c.m.applicationinsights.agent - Application Insights Java Agent 3.4.15 startup failed (PID 25220)
java.lang.IllegalArgumentException: Missing 'InstrumentationKey'
	at com.azure.monitor.opentelemetry.exporter.implementation.configuration.ConnectionStringBuilder.mapToConnectionConfiguration(ConnectionStringBuilder.java:86)
	at com.azure.monitor.opentelemetry.exporter.implementation.configuration.ConnectionStringBuilder.setConnectionString(ConnectionStringBuilder.java:40)
	at com.azure.monitor.opentelemetry.exporter.implementation.configuration.ConnectionString.lambda$parse$0(ConnectionString.java:37)
	at java.util.concurrent.ConcurrentHashMap.computeIfAbsent(ConcurrentHashMap.java:1660)
	at com.azure.monitor.opentelemetry.exporter.implementation.configuration.ConnectionString.parse(ConnectionString.java:36)
	at com.microsoft.applicationinsights.agent.internal.telemetry.TelemetryClient$Builder.setConnectionStrings(TelemetryClient.java:492)
	at com.microsoft.applicationinsights.agent.internal.init.SecondEntryPoint.customize(SecondEntryPoint.java:144)
	at io.opentelemetry.sdk.autoconfigure.AutoConfiguredOpenTelemetrySdkBuilder.build(AutoConfiguredOpenTelemetrySdkBuilder.java:328)
	at io.opentelemetry.javaagent.tooling.OpenTelemetryInstaller.installOpenTelemetrySdk(OpenTelemetryInstaller.java:34)
	at io.opentelemetry.javaagent.tooling.AgentInstaller.installBytebuddyAgent(AgentInstaller.java:121)
	at io.opentelemetry.javaagent.tooling.AgentInstaller.installBytebuddyAgent(AgentInstaller.java:101)
	at io.opentelemetry.javaagent.tooling.AgentStarterImpl.start(AgentStarterImpl.java:98)
	at io.opentelemetry.javaagent.bootstrap.AgentInitializer$1.run(AgentInitializer.java:53)
	at io.opentelemetry.javaagent.bootstrap.AgentInitializer$1.run(AgentInitializer.java:47)
	at io.opentelemetry.javaagent.bootstrap.AgentInitializer.execute(AgentInitializer.java:64)
	at io.opentelemetry.javaagent.bootstrap.AgentInitializer.initialize(AgentInitializer.java:46)
	at io.opentelemetry.javaagent.OpenTelemetryAgent.startAgent(OpenTelemetryAgent.java:57)
	at io.opentelemetry.javaagent.OpenTelemetryAgent.premain(OpenTelemetryAgent.java:45)
	at com.microsoft.applicationinsights.agent.Agent.premain(Agent.java:38)
	at com.microsoft.applicationinsights.agent.Agent.agentmain(Agent.java:44)
	at sun.reflect.NativeMethodAccessorImpl.invoke0(Native Method)
	at sun.reflect.NativeMethodAccessorImpl.invoke(NativeMethodAccessorImpl.java:62)
	at sun.reflect.DelegatingMethodAccessorImpl.invoke(DelegatingMethodAccessorImpl.java:43)
	at java.lang.reflect.Method.invoke(Method.java:498)
	at sun.instrument.InstrumentationImpl.loadClassAndStartAgent(InstrumentationImpl.java:386)
	at sun.instrument.InstrumentationImpl.loadClassAndCallAgentmain(InstrumentationImpl.java:411)
2023-08-20 05:25:27.440+05:30 ERROR c.m.applicationinsights.agent - Application Insights Java Agent 3.4.15 startup failed (PID 31228)
java.lang.IllegalArgumentException: Missing 'InstrumentationKey'
	at com.azure.monitor.opentelemetry.exporter.implementation.configuration.ConnectionStringBuilder.mapToConnectionConfiguration(ConnectionStringBuilder.java:86)
	at com.azure.monitor.opentelemetry.exporter.implementation.configuration.ConnectionStringBuilder.setConnectionString(ConnectionStringBuilder.java:40)
	at com.azure.monitor.opentelemetry.exporter.implementation.configuration.ConnectionString.lambda$parse$0(ConnectionString.java:37)
	at java.util.concurrent.ConcurrentHashMap.computeIfAbsent(ConcurrentHashMap.java:1660)
	at com.azure.monitor.opentelemetry.exporter.implementation.configuration.ConnectionString.parse(ConnectionString.java:36)
	at com.microsoft.applicationinsights.agent.internal.telemetry.TelemetryClient$Builder.setConnectionStrings(TelemetryClient.java:492)
	at com.microsoft.applicationinsights.agent.internal.init.SecondEntryPoint.customize(SecondEntryPoint.java:144)
	at io.opentelemetry.sdk.autoconfigure.AutoConfiguredOpenTelemetrySdkBuilder.build(AutoConfiguredOpenTelemetrySdkBuilder.java:328)
	at io.opentelemetry.javaagent.tooling.OpenTelemetryInstaller.installOpenTelemetrySdk(OpenTelemetryInstaller.java:34)
	at io.opentelemetry.javaagent.tooling.AgentInstaller.installBytebuddyAgent(AgentInstaller.java:121)
	at io.opentelemetry.javaagent.tooling.AgentInstaller.installBytebuddyAgent(AgentInstaller.java:101)
	at io.opentelemetry.javaagent.tooling.AgentStarterImpl.start(AgentStarterImpl.java:98)
	at io.opentelemetry.javaagent.bootstrap.AgentInitializer$1.run(AgentInitializer.java:53)
	at io.opentelemetry.javaagent.bootstrap.AgentInitializer$1.run(AgentInitializer.java:47)
	at io.opentelemetry.javaagent.bootstrap.AgentInitializer.execute(AgentInitializer.java:64)
	at io.opentelemetry.javaagent.bootstrap.AgentInitializer.initialize(AgentInitializer.java:46)
	at io.opentelemetry.javaagent.OpenTelemetryAgent.startAgent(OpenTelemetryAgent.java:57)
	at io.opentelemetry.javaagent.OpenTelemetryAgent.premain(OpenTelemetryAgent.java:45)
	at com.microsoft.applicationinsights.agent.Agent.premain(Agent.java:38)
	at com.microsoft.applicationinsights.agent.Agent.agentmain(Agent.java:44)
	at sun.reflect.NativeMethodAccessorImpl.invoke0(Native Method)
	at sun.reflect.NativeMethodAccessorImpl.invoke(NativeMethodAccessorImpl.java:62)
	at sun.reflect.DelegatingMethodAccessorImpl.invoke(DelegatingMethodAccessorImpl.java:43)
	at java.lang.reflect.Method.invoke(Method.java:498)
	at sun.instrument.InstrumentationImpl.loadClassAndStartAgent(InstrumentationImpl.java:386)
	at sun.instrument.InstrumentationImpl.loadClassAndCallAgentmain(InstrumentationImpl.java:411)
2023-08-20 05:28:06.776+05:30 ERROR c.m.applicationinsights.agent - Application Insights Java Agent 3.4.15 startup failed (PID 36372)
java.lang.IllegalArgumentException: Missing 'InstrumentationKey'
	at com.azure.monitor.opentelemetry.exporter.implementation.configuration.ConnectionStringBuilder.mapToConnectionConfiguration(ConnectionStringBuilder.java:86)
	at com.azure.monitor.opentelemetry.exporter.implementation.configuration.ConnectionStringBuilder.setConnectionString(ConnectionStringBuilder.java:40)
	at com.azure.monitor.opentelemetry.exporter.implementation.configuration.ConnectionString.lambda$parse$0(ConnectionString.java:37)
	at java.util.concurrent.ConcurrentHashMap.computeIfAbsent(ConcurrentHashMap.java:1660)
	at com.azure.monitor.opentelemetry.exporter.implementation.configuration.ConnectionString.parse(ConnectionString.java:36)
	at com.microsoft.applicationinsights.agent.internal.telemetry.TelemetryClient$Builder.setConnectionStrings(TelemetryClient.java:492)
	at com.microsoft.applicationinsights.agent.internal.init.SecondEntryPoint.customize(SecondEntryPoint.java:144)
	at io.opentelemetry.sdk.autoconfigure.AutoConfiguredOpenTelemetrySdkBuilder.build(AutoConfiguredOpenTelemetrySdkBuilder.java:328)
	at io.opentelemetry.javaagent.tooling.OpenTelemetryInstaller.installOpenTelemetrySdk(OpenTelemetryInstaller.java:34)
	at io.opentelemetry.javaagent.tooling.AgentInstaller.installBytebuddyAgent(AgentInstaller.java:121)
	at io.opentelemetry.javaagent.tooling.AgentInstaller.installBytebuddyAgent(AgentInstaller.java:101)
	at io.opentelemetry.javaagent.tooling.AgentStarterImpl.start(AgentStarterImpl.java:98)
	at io.opentelemetry.javaagent.bootstrap.AgentInitializer$1.run(AgentInitializer.java:53)
	at io.opentelemetry.javaagent.bootstrap.AgentInitializer$1.run(AgentInitializer.java:47)
	at io.opentelemetry.javaagent.bootstrap.AgentInitializer.execute(AgentInitializer.java:64)
	at io.opentelemetry.javaagent.bootstrap.AgentInitializer.initialize(AgentInitializer.java:46)
	at io.opentelemetry.javaagent.OpenTelemetryAgent.startAgent(OpenTelemetryAgent.java:57)
	at io.opentelemetry.javaagent.OpenTelemetryAgent.premain(OpenTelemetryAgent.java:45)
	at com.microsoft.applicationinsights.agent.Agent.premain(Agent.java:38)
	at com.microsoft.applicationinsights.agent.Agent.agentmain(Agent.java:44)
	at sun.reflect.NativeMethodAccessorImpl.invoke0(Native Method)
	at sun.reflect.NativeMethodAccessorImpl.invoke(NativeMethodAccessorImpl.java:62)
	at sun.reflect.DelegatingMethodAccessorImpl.invoke(DelegatingMethodAccessorImpl.java:43)
	at java.lang.reflect.Method.invoke(Method.java:498)
	at sun.instrument.InstrumentationImpl.loadClassAndStartAgent(InstrumentationImpl.java:386)
	at sun.instrument.InstrumentationImpl.loadClassAndCallAgentmain(InstrumentationImpl.java:411)
2023-08-20 05:34:01.290+05:30 ERROR c.m.applicationinsights.agent - Application Insights Java Agent 3.4.15 startup failed (PID 37440)
java.lang.IllegalArgumentException: Missing 'InstrumentationKey'
	at com.azure.monitor.opentelemetry.exporter.implementation.configuration.ConnectionStringBuilder.mapToConnectionConfiguration(ConnectionStringBuilder.java:86)
	at com.azure.monitor.opentelemetry.exporter.implementation.configuration.ConnectionStringBuilder.setConnectionString(ConnectionStringBuilder.java:40)
	at com.azure.monitor.opentelemetry.exporter.implementation.configuration.ConnectionString.lambda$parse$0(ConnectionString.java:37)
	at java.util.concurrent.ConcurrentHashMap.computeIfAbsent(ConcurrentHashMap.java:1660)
	at com.azure.monitor.opentelemetry.exporter.implementation.configuration.ConnectionString.parse(ConnectionString.java:36)
	at com.microsoft.applicationinsights.agent.internal.telemetry.TelemetryClient$Builder.setConnectionStrings(TelemetryClient.java:492)
	at com.microsoft.applicationinsights.agent.internal.init.SecondEntryPoint.customize(SecondEntryPoint.java:144)
	at io.opentelemetry.sdk.autoconfigure.AutoConfiguredOpenTelemetrySdkBuilder.build(AutoConfiguredOpenTelemetrySdkBuilder.java:328)
	at io.opentelemetry.javaagent.tooling.OpenTelemetryInstaller.installOpenTelemetrySdk(OpenTelemetryInstaller.java:34)
	at io.opentelemetry.javaagent.tooling.AgentInstaller.installBytebuddyAgent(AgentInstaller.java:121)
	at io.opentelemetry.javaagent.tooling.AgentInstaller.installBytebuddyAgent(AgentInstaller.java:101)
	at io.opentelemetry.javaagent.tooling.AgentStarterImpl.start(AgentStarterImpl.java:98)
	at io.opentelemetry.javaagent.bootstrap.AgentInitializer$1.run(AgentInitializer.java:53)
	at io.opentelemetry.javaagent.bootstrap.AgentInitializer$1.run(AgentInitializer.java:47)
	at io.opentelemetry.javaagent.bootstrap.AgentInitializer.execute(AgentInitializer.java:64)
	at io.opentelemetry.javaagent.bootstrap.AgentInitializer.initialize(AgentInitializer.java:46)
	at io.opentelemetry.javaagent.OpenTelemetryAgent.startAgent(OpenTelemetryAgent.java:57)
	at io.opentelemetry.javaagent.OpenTelemetryAgent.premain(OpenTelemetryAgent.java:45)
	at com.microsoft.applicationinsights.agent.Agent.premain(Agent.java:38)
	at com.microsoft.applicationinsights.agent.Agent.agentmain(Agent.java:44)
	at sun.reflect.NativeMethodAccessorImpl.invoke0(Native Method)
	at sun.reflect.NativeMethodAccessorImpl.invoke(NativeMethodAccessorImpl.java:62)
	at sun.reflect.DelegatingMethodAccessorImpl.invoke(DelegatingMethodAccessorImpl.java:43)
	at java.lang.reflect.Method.invoke(Method.java:498)
	at sun.instrument.InstrumentationImpl.loadClassAndStartAgent(InstrumentationImpl.java:386)
	at sun.instrument.InstrumentationImpl.loadClassAndCallAgentmain(InstrumentationImpl.java:411)
2023-08-20 05:38:46.335+05:30 INFO  c.m.applicationinsights.agent - Application Insights Java Agent 3.4.15 started successfully (PID 22372, JVM running for 10.232 s)
2023-08-20 05:38:46.412+05:30 INFO  c.m.applicationinsights.agent - Java version: 1.8.0_331, vendor: Oracle Corporation, home: C:\Program Files\Java\jdk1.8.0_331\jre
2023-08-20 05:45:16.374+05:30 INFO  c.m.applicationinsights.agent - Application Insights Java Agent 3.4.15 started successfully (PID 12104, JVM running for 4.421 s)
2023-08-20 05:45:16.385+05:30 INFO  c.m.applicationinsights.agent - Java version: 1.8.0_331, vendor: Oracle Corporation, home: C:\Program Files\Java\jdk1.8.0_331\jre
2023-08-20 05:53:03.288+05:30 ERROR c.m.applicationinsights.agent - Application Insights Java Agent 3.4.15 startup failed (PID 22920)
java.lang.IllegalArgumentException: Missing 'InstrumentationKey'
	at com.azure.monitor.opentelemetry.exporter.implementation.configuration.ConnectionStringBuilder.mapToConnectionConfiguration(ConnectionStringBuilder.java:86)
	at com.azure.monitor.opentelemetry.exporter.implementation.configuration.ConnectionStringBuilder.setConnectionString(ConnectionStringBuilder.java:40)
	at com.azure.monitor.opentelemetry.exporter.implementation.configuration.ConnectionString.lambda$parse$0(ConnectionString.java:37)
	at java.util.concurrent.ConcurrentHashMap.computeIfAbsent(ConcurrentHashMap.java:1660)
	at com.azure.monitor.opentelemetry.exporter.implementation.configuration.ConnectionString.parse(ConnectionString.java:36)
	at com.microsoft.applicationinsights.agent.internal.telemetry.TelemetryClient$Builder.setConnectionStrings(TelemetryClient.java:492)
	at com.microsoft.applicationinsights.agent.internal.init.SecondEntryPoint.customize(SecondEntryPoint.java:144)
	at io.opentelemetry.sdk.autoconfigure.AutoConfiguredOpenTelemetrySdkBuilder.build(AutoConfiguredOpenTelemetrySdkBuilder.java:328)
	at io.opentelemetry.javaagent.tooling.OpenTelemetryInstaller.installOpenTelemetrySdk(OpenTelemetryInstaller.java:34)
	at io.opentelemetry.javaagent.tooling.AgentInstaller.installBytebuddyAgent(AgentInstaller.java:121)
	at io.opentelemetry.javaagent.tooling.AgentInstaller.installBytebuddyAgent(AgentInstaller.java:101)
	at io.opentelemetry.javaagent.tooling.AgentStarterImpl.start(AgentStarterImpl.java:98)
	at io.opentelemetry.javaagent.bootstrap.AgentInitializer$1.run(AgentInitializer.java:53)
	at io.opentelemetry.javaagent.bootstrap.AgentInitializer$1.run(AgentInitializer.java:47)
	at io.opentelemetry.javaagent.bootstrap.AgentInitializer.execute(AgentInitializer.java:64)
	at io.opentelemetry.javaagent.bootstrap.AgentInitializer.initialize(AgentInitializer.java:46)
	at io.opentelemetry.javaagent.OpenTelemetryAgent.startAgent(OpenTelemetryAgent.java:57)
	at io.opentelemetry.javaagent.OpenTelemetryAgent.premain(OpenTelemetryAgent.java:45)
	at com.microsoft.applicationinsights.agent.Agent.premain(Agent.java:38)
	at com.microsoft.applicationinsights.agent.Agent.agentmain(Agent.java:44)
	at sun.reflect.NativeMethodAccessorImpl.invoke0(Native Method)
	at sun.reflect.NativeMethodAccessorImpl.invoke(NativeMethodAccessorImpl.java:62)
	at sun.reflect.DelegatingMethodAccessorImpl.invoke(DelegatingMethodAccessorImpl.java:43)
	at java.lang.reflect.Method.invoke(Method.java:498)
	at sun.instrument.InstrumentationImpl.loadClassAndStartAgent(InstrumentationImpl.java:386)
	at sun.instrument.InstrumentationImpl.loadClassAndCallAgentmain(InstrumentationImpl.java:411)
2023-08-20 05:53:56.451+05:30 ERROR c.m.applicationinsights.agent - Application Insights Java Agent 3.4.15 startup failed (PID 36476)
java.lang.IllegalArgumentException: Missing 'InstrumentationKey'
	at com.azure.monitor.opentelemetry.exporter.implementation.configuration.ConnectionStringBuilder.mapToConnectionConfiguration(ConnectionStringBuilder.java:86)
	at com.azure.monitor.opentelemetry.exporter.implementation.configuration.ConnectionStringBuilder.setConnectionString(ConnectionStringBuilder.java:40)
	at com.azure.monitor.opentelemetry.exporter.implementation.configuration.ConnectionString.lambda$parse$0(ConnectionString.java:37)
	at java.util.concurrent.ConcurrentHashMap.computeIfAbsent(ConcurrentHashMap.java:1660)
	at com.azure.monitor.opentelemetry.exporter.implementation.configuration.ConnectionString.parse(ConnectionString.java:36)
	at com.microsoft.applicationinsights.agent.internal.telemetry.TelemetryClient$Builder.setConnectionStrings(TelemetryClient.java:492)
	at com.microsoft.applicationinsights.agent.internal.init.SecondEntryPoint.customize(SecondEntryPoint.java:144)
	at io.opentelemetry.sdk.autoconfigure.AutoConfiguredOpenTelemetrySdkBuilder.build(AutoConfiguredOpenTelemetrySdkBuilder.java:328)
	at io.opentelemetry.javaagent.tooling.OpenTelemetryInstaller.installOpenTelemetrySdk(OpenTelemetryInstaller.java:34)
	at io.opentelemetry.javaagent.tooling.AgentInstaller.installBytebuddyAgent(AgentInstaller.java:121)
	at io.opentelemetry.javaagent.tooling.AgentInstaller.installBytebuddyAgent(AgentInstaller.java:101)
	at io.opentelemetry.javaagent.tooling.AgentStarterImpl.start(AgentStarterImpl.java:98)
	at io.opentelemetry.javaagent.bootstrap.AgentInitializer$1.run(AgentInitializer.java:53)
	at io.opentelemetry.javaagent.bootstrap.AgentInitializer$1.run(AgentInitializer.java:47)
	at io.opentelemetry.javaagent.bootstrap.AgentInitializer.execute(AgentInitializer.java:64)
	at io.opentelemetry.javaagent.bootstrap.AgentInitializer.initialize(AgentInitializer.java:46)
	at io.opentelemetry.javaagent.OpenTelemetryAgent.startAgent(OpenTelemetryAgent.java:57)
	at io.opentelemetry.javaagent.OpenTelemetryAgent.premain(OpenTelemetryAgent.java:45)
	at com.microsoft.applicationinsights.agent.Agent.premain(Agent.java:38)
	at com.microsoft.applicationinsights.agent.Agent.agentmain(Agent.java:44)
	at sun.reflect.NativeMethodAccessorImpl.invoke0(Native Method)
	at sun.reflect.NativeMethodAccessorImpl.invoke(NativeMethodAccessorImpl.java:62)
	at sun.reflect.DelegatingMethodAccessorImpl.invoke(DelegatingMethodAccessorImpl.java:43)
	at java.lang.reflect.Method.invoke(Method.java:498)
	at sun.instrument.InstrumentationImpl.loadClassAndStartAgent(InstrumentationImpl.java:386)
	at sun.instrument.InstrumentationImpl.loadClassAndCallAgentmain(InstrumentationImpl.java:411)
2023-08-20 05:59:21.700+05:30 ERROR c.m.applicationinsights.agent - Application Insights Java Agent 3.4.15 startup failed (PID 37308)
java.lang.IllegalArgumentException: Missing 'InstrumentationKey'
	at com.azure.monitor.opentelemetry.exporter.implementation.configuration.ConnectionStringBuilder.mapToConnectionConfiguration(ConnectionStringBuilder.java:86)
	at com.azure.monitor.opentelemetry.exporter.implementation.configuration.ConnectionStringBuilder.setConnectionString(ConnectionStringBuilder.java:40)
	at com.azure.monitor.opentelemetry.exporter.implementation.configuration.ConnectionString.lambda$parse$0(ConnectionString.java:37)
	at java.util.concurrent.ConcurrentHashMap.computeIfAbsent(ConcurrentHashMap.java:1660)
	at com.azure.monitor.opentelemetry.exporter.implementation.configuration.ConnectionString.parse(ConnectionString.java:36)
	at com.microsoft.applicationinsights.agent.internal.telemetry.TelemetryClient$Builder.setConnectionStrings(TelemetryClient.java:492)
	at com.microsoft.applicationinsights.agent.internal.init.SecondEntryPoint.customize(SecondEntryPoint.java:144)
	at io.opentelemetry.sdk.autoconfigure.AutoConfiguredOpenTelemetrySdkBuilder.build(AutoConfiguredOpenTelemetrySdkBuilder.java:328)
	at io.opentelemetry.javaagent.tooling.OpenTelemetryInstaller.installOpenTelemetrySdk(OpenTelemetryInstaller.java:34)
	at io.opentelemetry.javaagent.tooling.AgentInstaller.installBytebuddyAgent(AgentInstaller.java:121)
	at io.opentelemetry.javaagent.tooling.AgentInstaller.installBytebuddyAgent(AgentInstaller.java:101)
	at io.opentelemetry.javaagent.tooling.AgentStarterImpl.start(AgentStarterImpl.java:98)
	at io.opentelemetry.javaagent.bootstrap.AgentInitializer$1.run(AgentInitializer.java:53)
	at io.opentelemetry.javaagent.bootstrap.AgentInitializer$1.run(AgentInitializer.java:47)
	at io.opentelemetry.javaagent.bootstrap.AgentInitializer.execute(AgentInitializer.java:64)
	at io.opentelemetry.javaagent.bootstrap.AgentInitializer.initialize(AgentInitializer.java:46)
	at io.opentelemetry.javaagent.OpenTelemetryAgent.startAgent(OpenTelemetryAgent.java:57)
	at io.opentelemetry.javaagent.OpenTelemetryAgent.premain(OpenTelemetryAgent.java:45)
	at com.microsoft.applicationinsights.agent.Agent.premain(Agent.java:38)
	at com.microsoft.applicationinsights.agent.Agent.agentmain(Agent.java:44)
	at sun.reflect.NativeMethodAccessorImpl.invoke0(Native Method)
	at sun.reflect.NativeMethodAccessorImpl.invoke(NativeMethodAccessorImpl.java:62)
	at sun.reflect.DelegatingMethodAccessorImpl.invoke(DelegatingMethodAccessorImpl.java:43)
	at java.lang.reflect.Method.invoke(Method.java:498)
	at sun.instrument.InstrumentationImpl.loadClassAndStartAgent(InstrumentationImpl.java:386)
	at sun.instrument.InstrumentationImpl.loadClassAndCallAgentmain(InstrumentationImpl.java:411)
2023-08-20 06:00:26.885+05:30 ERROR c.m.applicationinsights.agent - Application Insights Java Agent 3.4.15 startup failed (PID 30240)
java.lang.IllegalArgumentException: Missing 'InstrumentationKey'
	at com.azure.monitor.opentelemetry.exporter.implementation.configuration.ConnectionStringBuilder.mapToConnectionConfiguration(ConnectionStringBuilder.java:86)
	at com.azure.monitor.opentelemetry.exporter.implementation.configuration.ConnectionStringBuilder.setConnectionString(ConnectionStringBuilder.java:40)
	at com.azure.monitor.opentelemetry.exporter.implementation.configuration.ConnectionString.lambda$parse$0(ConnectionString.java:37)
	at java.util.concurrent.ConcurrentHashMap.computeIfAbsent(ConcurrentHashMap.java:1660)
	at com.azure.monitor.opentelemetry.exporter.implementation.configuration.ConnectionString.parse(ConnectionString.java:36)
	at com.microsoft.applicationinsights.agent.internal.telemetry.TelemetryClient$Builder.setConnectionStrings(TelemetryClient.java:492)
	at com.microsoft.applicationinsights.agent.internal.init.SecondEntryPoint.customize(SecondEntryPoint.java:144)
	at io.opentelemetry.sdk.autoconfigure.AutoConfiguredOpenTelemetrySdkBuilder.build(AutoConfiguredOpenTelemetrySdkBuilder.java:328)
	at io.opentelemetry.javaagent.tooling.OpenTelemetryInstaller.installOpenTelemetrySdk(OpenTelemetryInstaller.java:34)
	at io.opentelemetry.javaagent.tooling.AgentInstaller.installBytebuddyAgent(AgentInstaller.java:121)
	at io.opentelemetry.javaagent.tooling.AgentInstaller.installBytebuddyAgent(AgentInstaller.java:101)
	at io.opentelemetry.javaagent.tooling.AgentStarterImpl.start(AgentStarterImpl.java:98)
	at io.opentelemetry.javaagent.bootstrap.AgentInitializer$1.run(AgentInitializer.java:53)
	at io.opentelemetry.javaagent.bootstrap.AgentInitializer$1.run(AgentInitializer.java:47)
	at io.opentelemetry.javaagent.bootstrap.AgentInitializer.execute(AgentInitializer.java:64)
	at io.opentelemetry.javaagent.bootstrap.AgentInitializer.initialize(AgentInitializer.java:46)
	at io.opentelemetry.javaagent.OpenTelemetryAgent.startAgent(OpenTelemetryAgent.java:57)
	at io.opentelemetry.javaagent.OpenTelemetryAgent.premain(OpenTelemetryAgent.java:45)
	at com.microsoft.applicationinsights.agent.Agent.premain(Agent.java:38)
	at com.microsoft.applicationinsights.agent.Agent.agentmain(Agent.java:44)
	at sun.reflect.NativeMethodAccessorImpl.invoke0(Native Method)
	at sun.reflect.NativeMethodAccessorImpl.invoke(NativeMethodAccessorImpl.java:62)
	at sun.reflect.DelegatingMethodAccessorImpl.invoke(DelegatingMethodAccessorImpl.java:43)
	at java.lang.reflect.Method.invoke(Method.java:498)
	at sun.instrument.InstrumentationImpl.loadClassAndStartAgent(InstrumentationImpl.java:386)
	at sun.instrument.InstrumentationImpl.loadClassAndCallAgentmain(InstrumentationImpl.java:411)
2023-08-20 06:01:49.831+05:30 ERROR c.m.applicationinsights.agent - Application Insights Java Agent 3.4.15 startup failed (PID 5944)
java.lang.IllegalArgumentException: Missing 'InstrumentationKey'
	at com.azure.monitor.opentelemetry.exporter.implementation.configuration.ConnectionStringBuilder.mapToConnectionConfiguration(ConnectionStringBuilder.java:86)
	at com.azure.monitor.opentelemetry.exporter.implementation.configuration.ConnectionStringBuilder.setConnectionString(ConnectionStringBuilder.java:40)
	at com.azure.monitor.opentelemetry.exporter.implementation.configuration.ConnectionString.lambda$parse$0(ConnectionString.java:37)
	at java.util.concurrent.ConcurrentHashMap.computeIfAbsent(ConcurrentHashMap.java:1660)
	at com.azure.monitor.opentelemetry.exporter.implementation.configuration.ConnectionString.parse(ConnectionString.java:36)
	at com.microsoft.applicationinsights.agent.internal.telemetry.TelemetryClient$Builder.setConnectionStrings(TelemetryClient.java:492)
	at com.microsoft.applicationinsights.agent.internal.init.SecondEntryPoint.customize(SecondEntryPoint.java:144)
	at io.opentelemetry.sdk.autoconfigure.AutoConfiguredOpenTelemetrySdkBuilder.build(AutoConfiguredOpenTelemetrySdkBuilder.java:328)
	at io.opentelemetry.javaagent.tooling.OpenTelemetryInstaller.installOpenTelemetrySdk(OpenTelemetryInstaller.java:34)
	at io.opentelemetry.javaagent.tooling.AgentInstaller.installBytebuddyAgent(AgentInstaller.java:121)
	at io.opentelemetry.javaagent.tooling.AgentInstaller.installBytebuddyAgent(AgentInstaller.java:101)
	at io.opentelemetry.javaagent.tooling.AgentStarterImpl.start(AgentStarterImpl.java:98)
	at io.opentelemetry.javaagent.bootstrap.AgentInitializer$1.run(AgentInitializer.java:53)
	at io.opentelemetry.javaagent.bootstrap.AgentInitializer$1.run(AgentInitializer.java:47)
	at io.opentelemetry.javaagent.bootstrap.AgentInitializer.execute(AgentInitializer.java:64)
	at io.opentelemetry.javaagent.bootstrap.AgentInitializer.initialize(AgentInitializer.java:46)
	at io.opentelemetry.javaagent.OpenTelemetryAgent.startAgent(OpenTelemetryAgent.java:57)
	at io.opentelemetry.javaagent.OpenTelemetryAgent.premain(OpenTelemetryAgent.java:45)
	at com.microsoft.applicationinsights.agent.Agent.premain(Agent.java:38)
	at com.microsoft.applicationinsights.agent.Agent.agentmain(Agent.java:44)
	at sun.reflect.NativeMethodAccessorImpl.invoke0(Native Method)
	at sun.reflect.NativeMethodAccessorImpl.invoke(NativeMethodAccessorImpl.java:62)
	at sun.reflect.DelegatingMethodAccessorImpl.invoke(DelegatingMethodAccessorImpl.java:43)
	at java.lang.reflect.Method.invoke(Method.java:498)
	at sun.instrument.InstrumentationImpl.loadClassAndStartAgent(InstrumentationImpl.java:386)
	at sun.instrument.InstrumentationImpl.loadClassAndCallAgentmain(InstrumentationImpl.java:411)
2023-08-20 06:17:55.926+05:30 ERROR c.m.applicationinsights.agent - Application Insights Java Agent 3.4.15 startup failed (PID 32868)
java.lang.IllegalArgumentException: Missing 'InstrumentationKey'
	at com.azure.monitor.opentelemetry.exporter.implementation.configuration.ConnectionStringBuilder.mapToConnectionConfiguration(ConnectionStringBuilder.java:86)
	at com.azure.monitor.opentelemetry.exporter.implementation.configuration.ConnectionStringBuilder.setConnectionString(ConnectionStringBuilder.java:40)
	at com.azure.monitor.opentelemetry.exporter.implementation.configuration.ConnectionString.lambda$parse$0(ConnectionString.java:37)
	at java.util.concurrent.ConcurrentHashMap.computeIfAbsent(ConcurrentHashMap.java:1660)
	at com.azure.monitor.opentelemetry.exporter.implementation.configuration.ConnectionString.parse(ConnectionString.java:36)
	at com.microsoft.applicationinsights.agent.internal.telemetry.TelemetryClient$Builder.setConnectionStrings(TelemetryClient.java:492)
	at com.microsoft.applicationinsights.agent.internal.init.SecondEntryPoint.customize(SecondEntryPoint.java:144)
	at io.opentelemetry.sdk.autoconfigure.AutoConfiguredOpenTelemetrySdkBuilder.build(AutoConfiguredOpenTelemetrySdkBuilder.java:328)
	at io.opentelemetry.javaagent.tooling.OpenTelemetryInstaller.installOpenTelemetrySdk(OpenTelemetryInstaller.java:34)
	at io.opentelemetry.javaagent.tooling.AgentInstaller.installBytebuddyAgent(AgentInstaller.java:121)
	at io.opentelemetry.javaagent.tooling.AgentInstaller.installBytebuddyAgent(AgentInstaller.java:101)
	at io.opentelemetry.javaagent.tooling.AgentStarterImpl.start(AgentStarterImpl.java:98)
	at io.opentelemetry.javaagent.bootstrap.AgentInitializer$1.run(AgentInitializer.java:53)
	at io.opentelemetry.javaagent.bootstrap.AgentInitializer$1.run(AgentInitializer.java:47)
	at io.opentelemetry.javaagent.bootstrap.AgentInitializer.execute(AgentInitializer.java:64)
	at io.opentelemetry.javaagent.bootstrap.AgentInitializer.initialize(AgentInitializer.java:46)
	at io.opentelemetry.javaagent.OpenTelemetryAgent.startAgent(OpenTelemetryAgent.java:57)
	at io.opentelemetry.javaagent.OpenTelemetryAgent.premain(OpenTelemetryAgent.java:45)
	at com.microsoft.applicationinsights.agent.Agent.premain(Agent.java:38)
	at com.microsoft.applicationinsights.agent.Agent.agentmain(Agent.java:44)
	at sun.reflect.NativeMethodAccessorImpl.invoke0(Native Method)
	at sun.reflect.NativeMethodAccessorImpl.invoke(NativeMethodAccessorImpl.java:62)
	at sun.reflect.DelegatingMethodAccessorImpl.invoke(DelegatingMethodAccessorImpl.java:43)
	at java.lang.reflect.Method.invoke(Method.java:498)
	at sun.instrument.InstrumentationImpl.loadClassAndStartAgent(InstrumentationImpl.java:386)
	at sun.instrument.InstrumentationImpl.loadClassAndCallAgentmain(InstrumentationImpl.java:411)
2023-08-20 06:57:21.379+05:30 INFO  c.m.applicationinsights.agent - Application Insights Java Agent 3.4.15 started successfully (PID 37000, JVM running for 7.687 s)
2023-08-20 06:57:21.404+05:30 INFO  c.m.applicationinsights.agent - Java version: 1.8.0_331, vendor: Oracle Corporation, home: C:\Program Files\Java\jdk1.8.0_331\jre
2023-08-20 06:57:40.503+05:30 INFO  c.m.applicationinsights.agent - Application Insights Java Agent 3.4.15 started successfully (PID 35104, JVM running for 7.082 s)
2023-08-20 06:57:40.520+05:30 INFO  c.m.applicationinsights.agent - Java version: 1.8.0_331, vendor: Oracle Corporation, home: C:\Program Files\Java\jdk1.8.0_331\jre
2023-08-20 06:59:14.461+05:30 INFO  c.m.applicationinsights.agent - Application Insights Java Agent 3.4.15 started successfully (PID 27436, JVM running for 7.457 s)
2023-08-20 06:59:14.477+05:30 INFO  c.m.applicationinsights.agent - Java version: 1.8.0_331, vendor: Oracle Corporation, home: C:\Program Files\Java\jdk1.8.0_331\jre
2023-08-20 07:01:21.673+05:30 INFO  c.m.applicationinsights.agent - Application Insights Java Agent 3.4.15 started successfully (PID 38440, JVM running for 6.578 s)
2023-08-20 07:01:21.689+05:30 INFO  c.m.applicationinsights.agent - Java version: 1.8.0_331, vendor: Oracle Corporation, home: C:\Program Files\Java\jdk1.8.0_331\jre
2023-08-20 07:03:57.654+05:30 INFO  c.m.applicationinsights.agent - Application Insights Java Agent 3.4.15 started successfully (PID 28688, JVM running for 6.333 s)
2023-08-20 07:03:57.671+05:30 INFO  c.m.applicationinsights.agent - Java version: 1.8.0_331, vendor: Oracle Corporation, home: C:\Program Files\Java\jdk1.8.0_331\jre
2023-08-20 07:08:04.303+05:30 INFO  c.m.applicationinsights.agent - Application Insights Java Agent 3.4.15 started successfully (PID 38076, JVM running for 6.992 s)
2023-08-20 07:08:04.319+05:30 INFO  c.m.applicationinsights.agent - Java version: 1.8.0_331, vendor: Oracle Corporation, home: C:\Program Files\Java\jdk1.8.0_331\jre
2023-08-20 07:10:56.352+05:30 INFO  c.m.applicationinsights.agent - Application Insights Java Agent 3.4.15 started successfully (PID 20212, JVM running for 11.365 s)
2023-08-20 07:10:56.377+05:30 INFO  c.m.applicationinsights.agent - Java version: 1.8.0_331, vendor: Oracle Corporation, home: C:\Program Files\Java\jdk1.8.0_331\jre
2023-08-20 07:11:44.463+05:30 INFO  c.m.applicationinsights.agent - Application Insights Java Agent 3.4.15 started successfully (PID 33444, JVM running for 12.26 s)
2023-08-20 07:11:44.489+05:30 INFO  c.m.applicationinsights.agent - Java version: 1.8.0_331, vendor: Oracle Corporation, home: C:\Program Files\Java\jdk1.8.0_331\jre
2023-08-20 07:14:22.892+05:30 INFO  c.m.applicationinsights.agent - Application Insights Java Agent 3.4.15 started successfully (PID 23752, JVM running for 8.619 s)
2023-08-20 07:14:22.927+05:30 INFO  c.m.applicationinsights.agent - Java version: 1.8.0_331, vendor: Oracle Corporation, home: C:\Program Files\Java\jdk1.8.0_331\jre
2023-08-20 07:14:24.628+05:30 INFO  c.m.applicationinsights.agent - Application Insights Java Agent 3.4.15 started successfully (PID 37196, JVM running for 9.924 s)
2023-08-20 07:14:24.721+05:30 INFO  c.m.applicationinsights.agent - Java version: 1.8.0_331, vendor: Oracle Corporation, home: C:\Program Files\Java\jdk1.8.0_331\jre
