{
  "connectionString": "...",
  "role": {
    "name": "my cloud role name"
  },
  "sampling": {
    "percentage": 100
  },
  "jmxMetrics": [
  ],
  "customDimensions": {
  },
  "instrumentation": {
    "logging": {
      "level": "INFO"
    },
    "micrometer": {
      "enabled": true
    }
  },
  "proxy": {
  },
  "preview": {
    "processors": [
    ]
  },
  "selfDiagnostics": {
    "destination": "file+console",
    "level": "INFO",
    "file": {
      "path": "applicationinsights.log",
      "maxSizeMb": 5,
      "maxHistory": 1
    }
  }
}