2023-08-20 05:07:08,989 DEBUG c.m.HelloWorld [main] Hello from Log4j 2
2023-08-20 05:07:09,020 ERROR c.m.HelloWorld [main] Error ....
2023-08-20 05:07:09,020 WARN c.m.HelloWorld [main] warn ....
2023-08-20 05:07:09,024 DEBUG c.m.HelloWorld [main] hello 5
2023-08-20 05:12:50,214 DEBUG c.m.HelloWorld [main] Hello from Log4j 2
2023-08-20 05:12:50,221 ERROR c.m.HelloWorld [main] Error ....
2023-08-20 05:12:50,222 WARN c.m.HelloWorld [main] warn ....
2023-08-20 05:12:50,224 DEBUG c.m.HelloWorld [main] hello 5
2023-08-20 05:16:48,270 DEBUG c.m.HelloWorld [main] Hello from Log4j 2
2023-08-20 05:16:48,310 ERROR c.m.HelloWorld [main] Error ....
2023-08-20 05:16:48,310 WARN c.m.HelloWorld [main] warn ....
2023-08-20 05:16:48,312 DEBUG c.m.HelloWorld [main] hello 5
2023-08-20 05:19:42,250 DEBUG c.m.HelloWorld [main] Hello from Log4j 2
2023-08-20 05:19:42,259 ERROR c.m.HelloWorld [main] Error ....
2023-08-20 05:19:42,259 WARN c.m.HelloWorld [main] warn ....
2023-08-20 05:19:42,262 DEBUG c.m.HelloWorld [main] hello 5
2023-08-20 05:25:27,451 DEBUG c.m.HelloWorld [main] Hello from Log4j 2
2023-08-20 05:25:27,455 ERROR c.m.HelloWorld [main] Error ....
2023-08-20 05:25:27,455 WARN c.m.HelloWorld [main] warn ....
2023-08-20 05:25:27,457 DEBUG c.m.HelloWorld [main] hello 5
2023-08-20 05:28:06,803 DEBUG c.m.HelloWorld [main] Hello from Log4j 2
2023-08-20 05:28:06,812 ERROR c.m.HelloWorld [main] Error ....
2023-08-20 05:28:06,812 WARN c.m.HelloWorld [main] warn ....
2023-08-20 05:28:06,817 DEBUG c.m.HelloWorld [main] hello 5
2023-08-20 05:34:01,306 DEBUG c.m.HelloWorld [main] Hello from Log4j 2
2023-08-20 05:34:01,310 ERROR c.m.HelloWorld [main] Error ....
2023-08-20 05:34:01,310 WARN c.m.HelloWorld [main] warn ....
2023-08-20 05:34:01,312 DEBUG c.m.HelloWorld [main] hello 5
2023-08-20 05:38:48,262 DEBUG c.m.HelloWorld [main] Hello from Log4j 2
2023-08-20 05:38:48,405 ERROR c.m.HelloWorld [main] Error ....
2023-08-20 05:38:48,406 WARN c.m.HelloWorld [main] warn ....
2023-08-20 05:38:48,480 DEBUG c.m.HelloWorld [main] hello 5
2023-08-20 05:45:16,443 DEBUG c.m.HelloWorld [main] Hello from Log4j 2
2023-08-20 05:45:16,453 ERROR c.m.HelloWorld [main] Error ....
2023-08-20 05:45:16,454 WARN c.m.HelloWorld [main] warn ....
2023-08-20 05:45:16,460 DEBUG c.m.HelloWorld [main] hello 5
2023-08-20 05:53:03,296 DEBUG c.m.HelloWorld [main] Hello from Log4j 2
2023-08-20 05:53:03,300 ERROR c.m.HelloWorld [main] Error ....
2023-08-20 05:53:03,300 WARN c.m.HelloWorld [main] warn ....
2023-08-20 05:53:03,301 DEBUG c.m.HelloWorld [main] hello 5
2023-08-20 05:53:56,460 DEBUG c.m.HelloWorld [main] Hello from Log4j 2
2023-08-20 05:53:56,463 ERROR c.m.HelloWorld [main] Error ....
2023-08-20 05:53:56,463 WARN c.m.HelloWorld [main] warn ....
2023-08-20 05:53:56,465 DEBUG c.m.HelloWorld [main] hello 5
2023-08-20 05:59:21,709 DEBUG c.m.HelloWorld [main] Hello from Log4j 2
2023-08-20 05:59:21,713 ERROR c.m.HelloWorld [main] Error ....
2023-08-20 05:59:21,713 WARN c.m.HelloWorld [main] warn ....
2023-08-20 05:59:21,715 DEBUG c.m.HelloWorld [main] hello 5
2023-08-20 06:00:26,893 DEBUG c.m.HelloWorld [main] Hello from Log4j 2
2023-08-20 06:00:26,895 ERROR c.m.HelloWorld [main] Error ....
2023-08-20 06:00:26,895 WARN c.m.HelloWorld [main] warn ....
2023-08-20 06:00:26,897 DEBUG c.m.HelloWorld [main] hello 5
2023-08-20 06:01:49,838 DEBUG c.m.HelloWorld [main] Hello from Log4j 2
2023-08-20 06:01:49,842 ERROR c.m.HelloWorld [main] Error ....
2023-08-20 06:01:49,842 WARN c.m.HelloWorld [main] warn ....
2023-08-20 06:01:49,843 DEBUG c.m.HelloWorld [main] hello 5
2023-08-20 06:17:55,938 DEBUG c.m.HelloWorld [main] Hello from Log4j 2
2023-08-20 06:17:55,942 ERROR c.m.HelloWorld [main] Error ....
2023-08-20 06:17:55,942 WARN c.m.HelloWorld [main] warn ....
2023-08-20 06:17:55,944 DEBUG c.m.HelloWorld [main] hello 5
2023-08-20 06:57:21,509 DEBUG c.m.HelloWorld [main] Hello from Log4j 2
2023-08-20 06:57:21,525 ERROR c.m.HelloWorld [main] Error ....
2023-08-20 06:57:21,526 WARN c.m.HelloWorld [main] warn ....
2023-08-20 06:57:21,535 DEBUG c.m.HelloWorld [main] hello 5
2023-08-20 06:57:40,623 DEBUG c.m.HelloWorld [main] Hello from Log4j 2
2023-08-20 06:57:40,641 ERROR c.m.HelloWorld [main] Error ....
2023-08-20 06:57:40,641 WARN c.m.HelloWorld [main] warn ....
2023-08-20 06:57:40,655 DEBUG c.m.HelloWorld [main] hello 5
2023-08-20 06:59:14,581 DEBUG c.m.HelloWorld [main] Hello from Log4j 2 MS ARS 123
2023-08-20 06:59:14,596 ERROR c.m.HelloWorld [main] Error ....MS ARS 123
2023-08-20 06:59:14,598 WARN c.m.HelloWorld [main] warn ....MS ARS 123
2023-08-20 06:59:14,603 ERROR c.m.HelloWorld [main] java.lang.ArithmeticException: / by zero
2023-08-20 06:59:14,632 DEBUG c.m.HelloWorld [main] hello 5
2023-08-20 07:01:21,784 DEBUG c.m.HelloWorld [main] Hello from Log4j 2 MS ARS 123 without appinsightsjson
2023-08-20 07:01:21,802 ERROR c.m.HelloWorld [main] Error ....MS ARS 123
2023-08-20 07:01:21,814 WARN c.m.HelloWorld [main] warn ....MS ARS 123
2023-08-20 07:01:21,819 ERROR c.m.HelloWorld [main] java.lang.ArithmeticException: / by zero
2023-08-20 07:01:21,844 DEBUG c.m.HelloWorld [main] hello 5
2023-08-20 07:03:57,768 DEBUG c.m.HelloWorld [main] without appinsightsjson Hello from Log4j 2 MS ARS 123 
2023-08-20 07:03:57,785 ERROR c.m.HelloWorld [main] Error ....MS ARS 123
2023-08-20 07:03:57,786 WARN c.m.HelloWorld [main] warn ....MS ARS 123
2023-08-20 07:03:57,790 ERROR c.m.HelloWorld [main] java.lang.ArithmeticException: / by zero
2023-08-20 07:03:57,799 DEBUG c.m.HelloWorld [main] hello 5
2023-08-20 07:08:04,426 DEBUG c.m.HelloWorld [main] with appinsightsjson Hello from Log4j 2 MS ARS 123 
2023-08-20 07:08:04,438 ERROR c.m.HelloWorld [main] Error ....MS ARS 123
2023-08-20 07:08:04,438 WARN c.m.HelloWorld [main] warn ....MS ARS 123
2023-08-20 07:08:04,441 ERROR c.m.HelloWorld [main] java.lang.ArithmeticException: / by zero
2023-08-20 07:08:04,449 DEBUG c.m.HelloWorld [main] hello 5
2023-08-20 07:10:56,557 DEBUG c.m.HelloWorld [main] with appinsightsjson Hello from Log4j 2 MS ARS 123 
2023-08-20 07:10:56,583 ERROR c.m.HelloWorld [main] without App Insight Error ....MS ARS 123
2023-08-20 07:10:56,585 WARN c.m.HelloWorld [main] without App Insight warn ....MS ARS 123
2023-08-20 07:10:56,590 ERROR c.m.HelloWorld [main] java.lang.ArithmeticException: / by zero
2023-08-20 07:10:56,600 DEBUG c.m.HelloWorld [main] hello 5
2023-08-20 07:11:44,711 DEBUG c.m.HelloWorld [main] with appinsightsjson Hello from Log4j 2 MS ARS 123 
2023-08-20 07:11:44,769 ERROR c.m.HelloWorld [main] without App Insight Error ....MS ARS 123
2023-08-20 07:11:44,770 WARN c.m.HelloWorld [main] without App Insight warn ....MS ARS 123
2023-08-20 07:11:44,775 ERROR c.m.HelloWorld [main] java.lang.ArithmeticException: / by zero
2023-08-20 07:11:44,796 DEBUG c.m.HelloWorld [main] hello 5
2023-08-20 07:14:25,032 DEBUG c.m.HelloWorld [main] without appinsightsjson Hello from Log4j 2 MS ARS 123 
2023-08-20 07:14:25,098 ERROR c.m.HelloWorld [main] ERROR without App Insight ....MS ARS 123
2023-08-20 07:14:25,099 WARN c.m.HelloWorld [main] WARN without App Insight ....MS ARS 123
2023-08-20 07:14:25,101 ERROR c.m.HelloWorld [main] java.lang.ArithmeticException: / by zero
2023-08-20 07:14:25,112 DEBUG c.m.HelloWorld [main] hello 5
